{"C:\\Users\\User\\Documents\\GitHub\\nodejs-homework-rest-api\\config\\constants.js": {"path":"C:\\Users\\User\\Documents\\GitHub\\nodejs-homework-rest-api\\config\\constants.js","statementMap":{"0":{"start":{"line":1,"column":33},"end":{"line":4,"column":1}},"1":{"start":{"line":6,"column":21},"end":{"line":10,"column":1}},"2":{"start":{"line":12,"column":17},"end":{"line":24,"column":1}},"3":{"start":{"line":26,"column":14},"end":{"line":30,"column":1}},"4":{"start":{"line":32,"column":0},"end":{"line":37,"column":2}}},"fnMap":{},"branchMap":{},"s":{"0":2,"1":2,"2":2,"3":2,"4":2},"f":{},"b":{},"_coverageSchema":"1a1c01bbd47fc00a2c39e90264f33305004495a9","hash":"b42874715ed262086323866341cd5094afa7e793"}
,"C:\\Users\\User\\Documents\\GitHub\\nodejs-homework-rest-api\\config\\passport.js": {"path":"C:\\Users\\User\\Documents\\GitHub\\nodejs-homework-rest-api\\config\\passport.js","statementMap":{"0":{"start":{"line":1,"column":17},"end":{"line":1,"column":36}},"1":{"start":{"line":2,"column":33},"end":{"line":2,"column":56}},"2":{"start":{"line":3,"column":14},"end":{"line":3,"column":44}},"3":{"start":{"line":4,"column":0},"end":{"line":4,"column":26}},"4":{"start":{"line":5,"column":19},"end":{"line":5,"column":45}},"5":{"start":{"line":7,"column":15},"end":{"line":10,"column":1}},"6":{"start":{"line":12,"column":0},"end":{"line":26,"column":1}},"7":{"start":{"line":13,"column":17},"end":{"line":13,"column":49}},"8":{"start":{"line":14,"column":4},"end":{"line":24,"column":9}},"9":{"start":{"line":15,"column":8},"end":{"line":17,"column":9}},"10":{"start":{"line":16,"column":12},"end":{"line":16,"column":59}},"11":{"start":{"line":18,"column":8},"end":{"line":20,"column":9}},"12":{"start":{"line":19,"column":12},"end":{"line":19,"column":37}},"13":{"start":{"line":21,"column":8},"end":{"line":21,"column":31}},"14":{"start":{"line":23,"column":12},"end":{"line":23,"column":36}}},"fnMap":{"0":{"name":"(anonymous_0)","decl":{"start":{"line":12,"column":34},"end":{"line":12,"column":35}},"loc":{"start":{"line":12,"column":59},"end":{"line":25,"column":5}},"line":12}},"branchMap":{"0":{"loc":{"start":{"line":15,"column":8},"end":{"line":17,"column":9}},"type":"if","locations":[{"start":{"line":15,"column":8},"end":{"line":17,"column":9}},{"start":{},"end":{}}],"line":15},"1":{"loc":{"start":{"line":18,"column":8},"end":{"line":20,"column":9}},"type":"if","locations":[{"start":{"line":18,"column":8},"end":{"line":20,"column":9}},{"start":{},"end":{}}],"line":18}},"s":{"0":1,"1":1,"2":1,"3":1,"4":1,"5":1,"6":1,"7":0,"8":0,"9":0,"10":0,"11":0,"12":0,"13":0,"14":0},"f":{"0":0},"b":{"0":[0,0],"1":[0,0]},"_coverageSchema":"1a1c01bbd47fc00a2c39e90264f33305004495a9","hash":"c1430f84b960e13b05ed2d35c5a0935c390d6c7c"}
,"C:\\Users\\User\\Documents\\GitHub\\nodejs-homework-rest-api\\controllers\\contactsControllers.js": {"path":"C:\\Users\\User\\Documents\\GitHub\\nodejs-homework-rest-api\\controllers\\contactsControllers.js","statementMap":{"0":{"start":{"line":1,"column":17},"end":{"line":1,"column":50}},"1":{"start":{"line":2,"column":22},"end":{"line":2,"column":55}},"2":{"start":{"line":4,"column":20},"end":{"line":8,"column":1}},"3":{"start":{"line":5,"column":19},"end":{"line":5,"column":31}},"4":{"start":{"line":6,"column":17},"end":{"line":6,"column":63}},"5":{"start":{"line":7,"column":4},"end":{"line":7,"column":65}},"6":{"start":{"line":10,"column":19},"end":{"line":17,"column":1}},"7":{"start":{"line":11,"column":19},"end":{"line":11,"column":31}},"8":{"start":{"line":12,"column":20},"end":{"line":12,"column":79}},"9":{"start":{"line":13,"column":4},"end":{"line":15,"column":3}},"10":{"start":{"line":14,"column":6},"end":{"line":14,"column":86}},"11":{"start":{"line":16,"column":2},"end":{"line":16,"column":41}},"12":{"start":{"line":19,"column":20},"end":{"line":23,"column":1}},"13":{"start":{"line":20,"column":19},"end":{"line":20,"column":31}},"14":{"start":{"line":21,"column":20},"end":{"line":21,"column":75}},"15":{"start":{"line":22,"column":4},"end":{"line":22,"column":65}},"16":{"start":{"line":25,"column":22},"end":{"line":32,"column":1}},"17":{"start":{"line":26,"column":19},"end":{"line":26,"column":31}},"18":{"start":{"line":27,"column":20},"end":{"line":27,"column":78}},"19":{"start":{"line":28,"column":4},"end":{"line":30,"column":5}},"20":{"start":{"line":29,"column":6},"end":{"line":29,"column":86}},"21":{"start":{"line":31,"column":4},"end":{"line":31,"column":43}},"22":{"start":{"line":34,"column":23},"end":{"line":41,"column":1}},"23":{"start":{"line":35,"column":19},"end":{"line":35,"column":31}},"24":{"start":{"line":36,"column":20},"end":{"line":36,"column":88}},"25":{"start":{"line":37,"column":4},"end":{"line":39,"column":5}},"26":{"start":{"line":38,"column":6},"end":{"line":38,"column":86}},"27":{"start":{"line":40,"column":4},"end":{"line":40,"column":43}},"28":{"start":{"line":43,"column":30},"end":{"line":50,"column":1}},"29":{"start":{"line":44,"column":19},"end":{"line":44,"column":31}},"30":{"start":{"line":45,"column":20},"end":{"line":45,"column":88}},"31":{"start":{"line":46,"column":4},"end":{"line":48,"column":5}},"32":{"start":{"line":47,"column":6},"end":{"line":47,"column":86}},"33":{"start":{"line":49,"column":4},"end":{"line":49,"column":43}},"34":{"start":{"line":52,"column":0},"end":{"line":59,"column":1}}},"fnMap":{"0":{"name":"(anonymous_0)","decl":{"start":{"line":4,"column":20},"end":{"line":4,"column":21}},"loc":{"start":{"line":4,"column":42},"end":{"line":8,"column":1}},"line":4},"1":{"name":"(anonymous_1)","decl":{"start":{"line":10,"column":19},"end":{"line":10,"column":20}},"loc":{"start":{"line":10,"column":39},"end":{"line":17,"column":1}},"line":10},"2":{"name":"(anonymous_2)","decl":{"start":{"line":19,"column":20},"end":{"line":19,"column":21}},"loc":{"start":{"line":19,"column":40},"end":{"line":23,"column":1}},"line":19},"3":{"name":"(anonymous_3)","decl":{"start":{"line":25,"column":22},"end":{"line":25,"column":23}},"loc":{"start":{"line":25,"column":42},"end":{"line":32,"column":1}},"line":25},"4":{"name":"(anonymous_4)","decl":{"start":{"line":34,"column":23},"end":{"line":34,"column":24}},"loc":{"start":{"line":34,"column":43},"end":{"line":41,"column":1}},"line":34},"5":{"name":"(anonymous_5)","decl":{"start":{"line":43,"column":30},"end":{"line":43,"column":31}},"loc":{"start":{"line":43,"column":50},"end":{"line":50,"column":1}},"line":43}},"branchMap":{"0":{"loc":{"start":{"line":13,"column":4},"end":{"line":15,"column":3}},"type":"if","locations":[{"start":{"line":13,"column":4},"end":{"line":15,"column":3}},{"start":{},"end":{}}],"line":13},"1":{"loc":{"start":{"line":28,"column":4},"end":{"line":30,"column":5}},"type":"if","locations":[{"start":{"line":28,"column":4},"end":{"line":30,"column":5}},{"start":{},"end":{}}],"line":28},"2":{"loc":{"start":{"line":37,"column":4},"end":{"line":39,"column":5}},"type":"if","locations":[{"start":{"line":37,"column":4},"end":{"line":39,"column":5}},{"start":{},"end":{}}],"line":37},"3":{"loc":{"start":{"line":46,"column":4},"end":{"line":48,"column":5}},"type":"if","locations":[{"start":{"line":46,"column":4},"end":{"line":48,"column":5}},{"start":{},"end":{}}],"line":46}},"s":{"0":1,"1":1,"2":1,"3":0,"4":0,"5":0,"6":1,"7":0,"8":0,"9":0,"10":0,"11":0,"12":1,"13":0,"14":0,"15":0,"16":1,"17":0,"18":0,"19":0,"20":0,"21":0,"22":1,"23":3,"24":3,"25":3,"26":1,"27":2,"28":1,"29":0,"30":0,"31":0,"32":0,"33":0,"34":1},"f":{"0":0,"1":0,"2":0,"3":0,"4":3,"5":0},"b":{"0":[0,0],"1":[0,0],"2":[1,2],"3":[0,0]},"_coverageSchema":"1a1c01bbd47fc00a2c39e90264f33305004495a9","hash":"95d25f4204cf7c6a72ba80ed1fe070e7a51c6912"}
,"C:\\Users\\User\\Documents\\GitHub\\nodejs-homework-rest-api\\helpers\\customError.js": {"path":"C:\\Users\\User\\Documents\\GitHub\\nodejs-homework-rest-api\\helpers\\customError.js","statementMap":{"0":{"start":{"line":3,"column":8},"end":{"line":3,"column":15}},"1":{"start":{"line":4,"column":8},"end":{"line":4,"column":28}},"2":{"start":{"line":5,"column":8},"end":{"line":5,"column":30}},"3":{"start":{"line":6,"column":8},"end":{"line":6,"column":24}},"4":{"start":{"line":10,"column":0},"end":{"line":10,"column":30}}},"fnMap":{"0":{"name":"(anonymous_0)","decl":{"start":{"line":2,"column":4},"end":{"line":2,"column":5}},"loc":{"start":{"line":2,"column":55},"end":{"line":7,"column":5}},"line":2}},"branchMap":{"0":{"loc":{"start":{"line":2,"column":33},"end":{"line":2,"column":53}},"type":"default-arg","locations":[{"start":{"line":2,"column":40},"end":{"line":2,"column":53}}],"line":2}},"s":{"0":3,"1":3,"2":3,"3":3,"4":1},"f":{"0":3},"b":{"0":[3]},"_coverageSchema":"1a1c01bbd47fc00a2c39e90264f33305004495a9","hash":"0b8a87a06a300d5cc1d958040c8ade8ec80b1a5b"}
,"C:\\Users\\User\\Documents\\GitHub\\nodejs-homework-rest-api\\helpers\\guard.js": {"path":"C:\\Users\\User\\Documents\\GitHub\\nodejs-homework-rest-api\\helpers\\guard.js","statementMap":{"0":{"start":{"line":1,"column":17},"end":{"line":1,"column":36}},"1":{"start":{"line":2,"column":0},"end":{"line":2,"column":29}},"2":{"start":{"line":3,"column":21},"end":{"line":3,"column":51}},"3":{"start":{"line":5,"column":14},"end":{"line":19,"column":1}},"4":{"start":{"line":6,"column":4},"end":{"line":18,"column":22}},"5":{"start":{"line":7,"column":22},"end":{"line":7,"column":61}},"6":{"start":{"line":9,"column":8},"end":{"line":15,"column":9}},"7":{"start":{"line":10,"column":8},"end":{"line":14,"column":14}},"8":{"start":{"line":16,"column":8},"end":{"line":16,"column":24}},"9":{"start":{"line":17,"column":8},"end":{"line":17,"column":21}},"10":{"start":{"line":21,"column":0},"end":{"line":21,"column":23}}},"fnMap":{"0":{"name":"(anonymous_0)","decl":{"start":{"line":5,"column":14},"end":{"line":5,"column":15}},"loc":{"start":{"line":5,"column":34},"end":{"line":19,"column":1}},"line":5},"1":{"name":"(anonymous_1)","decl":{"start":{"line":6,"column":53},"end":{"line":6,"column":54}},"loc":{"start":{"line":6,"column":68},"end":{"line":18,"column":5}},"line":6}},"branchMap":{"0":{"loc":{"start":{"line":9,"column":8},"end":{"line":15,"column":9}},"type":"if","locations":[{"start":{"line":9,"column":8},"end":{"line":15,"column":9}},{"start":{},"end":{}}],"line":9},"1":{"loc":{"start":{"line":9,"column":12},"end":{"line":9,"column":48}},"type":"binary-expr","locations":[{"start":{"line":9,"column":12},"end":{"line":9,"column":17}},{"start":{"line":9,"column":21},"end":{"line":9,"column":24}},{"start":{"line":9,"column":28},"end":{"line":9,"column":48}}],"line":9}},"s":{"0":1,"1":1,"2":1,"3":1,"4":3,"5":3,"6":3,"7":2,"8":1,"9":1,"10":1},"f":{"0":3,"1":3},"b":{"0":[2,1],"1":[3,2,2]},"_coverageSchema":"1a1c01bbd47fc00a2c39e90264f33305004495a9","hash":"37fa6c5f1a8446654127a12ec4f350e39b7b6d3c"}
,"C:\\Users\\User\\Documents\\GitHub\\nodejs-homework-rest-api\\model\\contact.js": {"path":"C:\\Users\\User\\Documents\\GitHub\\nodejs-homework-rest-api\\model\\contact.js","statementMap":{"0":{"start":{"line":1,"column":39},"end":{"line":1,"column":58}},"1":{"start":{"line":2,"column":37},"end":{"line":2,"column":67}},"2":{"start":{"line":3,"column":25},"end":{"line":3,"column":56}},"3":{"start":{"line":5,"column":22},"end":{"line":42,"column":1}},"4":{"start":{"line":36,"column":16},"end":{"line":36,"column":30}},"5":{"start":{"line":37,"column":16},"end":{"line":37,"column":26}},"6":{"start":{"line":44,"column":0},"end":{"line":46,"column":3}},"7":{"start":{"line":45,"column":2},"end":{"line":45,"column":40}},"8":{"start":{"line":48,"column":0},"end":{"line":48,"column":39}},"9":{"start":{"line":50,"column":16},"end":{"line":50,"column":47}},"10":{"start":{"line":52,"column":0},"end":{"line":52,"column":24}}},"fnMap":{"0":{"name":"(anonymous_0)","decl":{"start":{"line":35,"column":39},"end":{"line":35,"column":40}},"loc":{"start":{"line":35,"column":59},"end":{"line":38,"column":13}},"line":35},"1":{"name":"(anonymous_1)","decl":{"start":{"line":44,"column":38},"end":{"line":44,"column":39}},"loc":{"start":{"line":44,"column":50},"end":{"line":46,"column":1}},"line":44}},"branchMap":{},"s":{"0":1,"1":1,"2":1,"3":1,"4":0,"5":0,"6":1,"7":0,"8":1,"9":1,"10":1},"f":{"0":0,"1":0},"b":{},"_coverageSchema":"1a1c01bbd47fc00a2c39e90264f33305004495a9","hash":"b6f7f86be0d086e654fb869fdece498609eb2e86"}
,"C:\\Users\\User\\Documents\\GitHub\\nodejs-homework-rest-api\\model\\user.js": {"path":"C:\\Users\\User\\Documents\\GitHub\\nodejs-homework-rest-api\\model\\user.js","statementMap":{"0":{"start":{"line":1,"column":26},"end":{"line":1,"column":45}},"1":{"start":{"line":2,"column":17},"end":{"line":2,"column":36}},"2":{"start":{"line":3,"column":25},"end":{"line":3,"column":55}},"3":{"start":{"line":4,"column":15},"end":{"line":4,"column":34}},"4":{"start":{"line":6,"column":20},"end":{"line":6,"column":21}},"5":{"start":{"line":8,"column":19},"end":{"line":52,"column":1}},"6":{"start":{"line":14,"column":23},"end":{"line":14,"column":36}},"7":{"start":{"line":15,"column":12},"end":{"line":15,"column":56}},"8":{"start":{"line":36,"column":12},"end":{"line":36,"column":62}},"9":{"start":{"line":46,"column":16},"end":{"line":46,"column":30}},"10":{"start":{"line":47,"column":16},"end":{"line":47,"column":26}},"11":{"start":{"line":54,"column":0},"end":{"line":60,"column":2}},"12":{"start":{"line":55,"column":4},"end":{"line":58,"column":5}},"13":{"start":{"line":56,"column":21},"end":{"line":56,"column":54}},"14":{"start":{"line":57,"column":8},"end":{"line":57,"column":62}},"15":{"start":{"line":59,"column":4},"end":{"line":59,"column":10}},"16":{"start":{"line":62,"column":0},"end":{"line":64,"column":1}},"17":{"start":{"line":63,"column":4},"end":{"line":63,"column":50}},"18":{"start":{"line":66,"column":13},"end":{"line":66,"column":38}},"19":{"start":{"line":68,"column":0},"end":{"line":68,"column":21}}},"fnMap":{"0":{"name":"(anonymous_0)","decl":{"start":{"line":13,"column":8},"end":{"line":13,"column":9}},"loc":{"start":{"line":13,"column":24},"end":{"line":16,"column":9}},"line":13},"1":{"name":"(anonymous_1)","decl":{"start":{"line":35,"column":17},"end":{"line":35,"column":18}},"loc":{"start":{"line":35,"column":29},"end":{"line":37,"column":9}},"line":35},"2":{"name":"(anonymous_2)","decl":{"start":{"line":45,"column":39},"end":{"line":45,"column":40}},"loc":{"start":{"line":45,"column":59},"end":{"line":48,"column":13}},"line":45},"3":{"name":"(anonymous_3)","decl":{"start":{"line":54,"column":23},"end":{"line":54,"column":24}},"loc":{"start":{"line":54,"column":45},"end":{"line":60,"column":1}},"line":54},"4":{"name":"(anonymous_4)","decl":{"start":{"line":62,"column":37},"end":{"line":62,"column":38}},"loc":{"start":{"line":62,"column":63},"end":{"line":64,"column":1}},"line":62}},"branchMap":{"0":{"loc":{"start":{"line":55,"column":4},"end":{"line":58,"column":5}},"type":"if","locations":[{"start":{"line":55,"column":4},"end":{"line":58,"column":5}},{"start":{},"end":{}}],"line":55}},"s":{"0":1,"1":1,"2":1,"3":1,"4":1,"5":1,"6":0,"7":0,"8":0,"9":0,"10":0,"11":1,"12":0,"13":0,"14":0,"15":0,"16":1,"17":0,"18":1,"19":1},"f":{"0":0,"1":0,"2":0,"3":0,"4":0},"b":{"0":[0,0]},"_coverageSchema":"1a1c01bbd47fc00a2c39e90264f33305004495a9","hash":"d6d2d7cfaf244469c3d521c2744efa251cd3e47b"}
,"C:\\Users\\User\\Documents\\GitHub\\nodejs-homework-rest-api\\repository\\contacts.js": {"path":"C:\\Users\\User\\Documents\\GitHub\\nodejs-homework-rest-api\\repository\\contacts.js","statementMap":{"0":{"start":{"line":1,"column":16},"end":{"line":1,"column":43}},"1":{"start":{"line":3,"column":21},"end":{"line":39,"column":1}},"2":{"start":{"line":15,"column":19},"end":{"line":15,"column":24}},"3":{"start":{"line":17,"column":24},"end":{"line":17,"column":41}},"4":{"start":{"line":19,"column":2},"end":{"line":21,"column":3}},"5":{"start":{"line":20,"column":4},"end":{"line":20,"column":37}},"6":{"start":{"line":23,"column":18},"end":{"line":35,"column":4}},"7":{"start":{"line":36,"column":29},"end":{"line":36,"column":36}},"8":{"start":{"line":37,"column":2},"end":{"line":37,"column":21}},"9":{"start":{"line":38,"column":2},"end":{"line":38,"column":31}},"10":{"start":{"line":41,"column":23},"end":{"line":47,"column":1}},"11":{"start":{"line":42,"column":17},"end":{"line":45,"column":4}},"12":{"start":{"line":46,"column":2},"end":{"line":46,"column":15}},"13":{"start":{"line":49,"column":22},"end":{"line":52,"column":1}},"14":{"start":{"line":50,"column":17},"end":{"line":50,"column":80}},"15":{"start":{"line":51,"column":2},"end":{"line":51,"column":15}},"16":{"start":{"line":54,"column":19},"end":{"line":57,"column":1}},"17":{"start":{"line":55,"column":17},"end":{"line":55,"column":43}},"18":{"start":{"line":56,"column":2},"end":{"line":56,"column":15}},"19":{"start":{"line":59,"column":22},"end":{"line":66,"column":1}},"20":{"start":{"line":60,"column":17},"end":{"line":64,"column":3}},"21":{"start":{"line":65,"column":2},"end":{"line":65,"column":15}},"22":{"start":{"line":68,"column":0},"end":{"line":74,"column":1}}},"fnMap":{"0":{"name":"(anonymous_0)","decl":{"start":{"line":3,"column":21},"end":{"line":3,"column":22}},"loc":{"start":{"line":3,"column":46},"end":{"line":39,"column":1}},"line":3},"1":{"name":"(anonymous_1)","decl":{"start":{"line":41,"column":23},"end":{"line":41,"column":24}},"loc":{"start":{"line":41,"column":52},"end":{"line":47,"column":1}},"line":41},"2":{"name":"(anonymous_2)","decl":{"start":{"line":49,"column":22},"end":{"line":49,"column":23}},"loc":{"start":{"line":49,"column":51},"end":{"line":52,"column":1}},"line":49},"3":{"name":"(anonymous_3)","decl":{"start":{"line":54,"column":19},"end":{"line":54,"column":20}},"loc":{"start":{"line":54,"column":35},"end":{"line":57,"column":1}},"line":54},"4":{"name":"(anonymous_4)","decl":{"start":{"line":59,"column":22},"end":{"line":59,"column":23}},"loc":{"start":{"line":59,"column":57},"end":{"line":66,"column":1}},"line":59}},"branchMap":{"0":{"loc":{"start":{"line":13,"column":4},"end":{"line":13,"column":19}},"type":"default-arg","locations":[{"start":{"line":13,"column":15},"end":{"line":13,"column":19}}],"line":13},"1":{"loc":{"start":{"line":14,"column":4},"end":{"line":14,"column":13}},"type":"default-arg","locations":[{"start":{"line":14,"column":12},"end":{"line":14,"column":13}}],"line":14},"2":{"loc":{"start":{"line":15,"column":4},"end":{"line":15,"column":14}},"type":"default-arg","locations":[{"start":{"line":15,"column":13},"end":{"line":15,"column":14}}],"line":15},"3":{"loc":{"start":{"line":19,"column":2},"end":{"line":21,"column":3}},"type":"if","locations":[{"start":{"line":19,"column":2},"end":{"line":21,"column":3}},{"start":{},"end":{}}],"line":19},"4":{"loc":{"start":{"line":27,"column":10},"end":{"line":27,"column":44}},"type":"cond-expr","locations":[{"start":{"line":27,"column":19},"end":{"line":27,"column":39}},{"start":{"line":27,"column":42},"end":{"line":27,"column":44}}],"line":27},"5":{"loc":{"start":{"line":28,"column":10},"end":{"line":28,"column":53}},"type":"cond-expr","locations":[{"start":{"line":28,"column":23},"end":{"line":28,"column":48}},{"start":{"line":28,"column":51},"end":{"line":28,"column":53}}],"line":28},"6":{"loc":{"start":{"line":30,"column":12},"end":{"line":30,"column":53}},"type":"cond-expr","locations":[{"start":{"line":30,"column":21},"end":{"line":30,"column":48}},{"start":{"line":30,"column":51},"end":{"line":30,"column":53}}],"line":30}},"s":{"0":1,"1":1,"2":0,"3":0,"4":0,"5":0,"6":0,"7":0,"8":0,"9":0,"10":1,"11":0,"12":0,"13":1,"14":0,"15":0,"16":1,"17":0,"18":0,"19":1,"20":0,"21":0,"22":1},"f":{"0":0,"1":0,"2":0,"3":0,"4":0},"b":{"0":[0],"1":[0],"2":[0],"3":[0,0],"4":[0,0],"5":[0,0],"6":[0,0]},"_coverageSchema":"1a1c01bbd47fc00a2c39e90264f33305004495a9","hash":"0baddd19683cd5b59295b7597fc5c2fafd69a85e"}
,"C:\\Users\\User\\Documents\\GitHub\\nodejs-homework-rest-api\\repository\\users.js": {"path":"C:\\Users\\User\\Documents\\GitHub\\nodejs-homework-rest-api\\repository\\users.js","statementMap":{"0":{"start":{"line":1,"column":13},"end":{"line":1,"column":37}},"1":{"start":{"line":3,"column":17},"end":{"line":5,"column":1}},"2":{"start":{"line":4,"column":4},"end":{"line":4,"column":34}},"3":{"start":{"line":7,"column":20},"end":{"line":9,"column":1}},"4":{"start":{"line":8,"column":4},"end":{"line":8,"column":38}},"5":{"start":{"line":11,"column":15},"end":{"line":14,"column":1}},"6":{"start":{"line":12,"column":17},"end":{"line":12,"column":34}},"7":{"start":{"line":13,"column":4},"end":{"line":13,"column":28}},"8":{"start":{"line":16,"column":20},"end":{"line":18,"column":1}},"9":{"start":{"line":17,"column":4},"end":{"line":17,"column":51}},"10":{"start":{"line":20,"column":21},"end":{"line":22,"column":1}},"11":{"start":{"line":21,"column":4},"end":{"line":21,"column":65}},"12":{"start":{"line":25,"column":0},"end":{"line":31,"column":1}}},"fnMap":{"0":{"name":"(anonymous_0)","decl":{"start":{"line":3,"column":17},"end":{"line":3,"column":18}},"loc":{"start":{"line":3,"column":31},"end":{"line":5,"column":1}},"line":3},"1":{"name":"(anonymous_1)","decl":{"start":{"line":7,"column":20},"end":{"line":7,"column":21}},"loc":{"start":{"line":7,"column":37},"end":{"line":9,"column":1}},"line":7},"2":{"name":"(anonymous_2)","decl":{"start":{"line":11,"column":15},"end":{"line":11,"column":16}},"loc":{"start":{"line":11,"column":34},"end":{"line":14,"column":1}},"line":11},"3":{"name":"(anonymous_3)","decl":{"start":{"line":16,"column":20},"end":{"line":16,"column":21}},"loc":{"start":{"line":16,"column":41},"end":{"line":18,"column":1}},"line":16},"4":{"name":"(anonymous_4)","decl":{"start":{"line":20,"column":21},"end":{"line":20,"column":22}},"loc":{"start":{"line":20,"column":63},"end":{"line":22,"column":1}},"line":20}},"branchMap":{"0":{"loc":{"start":{"line":20,"column":40},"end":{"line":20,"column":58}},"type":"default-arg","locations":[{"start":{"line":20,"column":54},"end":{"line":20,"column":58}}],"line":20}},"s":{"0":1,"1":1,"2":0,"3":1,"4":0,"5":1,"6":0,"7":0,"8":1,"9":0,"10":1,"11":0,"12":1},"f":{"0":0,"1":0,"2":0,"3":0,"4":0},"b":{"0":[0]},"_coverageSchema":"1a1c01bbd47fc00a2c39e90264f33305004495a9","hash":"603fbe69d5a49d894fca18c45f76487e3d5f1ca2"}
}
